"../../../../Projectos unreal/InifinteRunner/Content/Maps/tileset/Mechanical_tileset.uasset" 0
"../../../../Projectos unreal/InifinteRunner/Content/Maps/NewPaperTileSet.uasset" 1
"../../../../Projectos unreal/InifinteRunner/Content/Maps/Map.uasset" 2
"../../../../Projectos unreal/InifinteRunner/Content/Maps/tileset/door_sprite/door_sprite0.uasset" 3
"../../../../Projectos unreal/InifinteRunner/Content/Maps/tileset/door_sprite/door_sprite1.uasset" 4
"../../../../Projectos unreal/InifinteRunner/Content/Maps/tileset/door_sprite/door_sprite2.uasset" 5
"../../../../Projectos unreal/InifinteRunner/Content/Maps/tileset/door_sprite/door_sprite3.uasset" 6
"../../../../Projectos unreal/InifinteRunner/Content/Maps/tileset/steam_sprite/sprite_00.uasset" 7
"../../../../Projectos unreal/InifinteRunner/Content/Maps/tileset/steam_sprite/sprite_01.uasset" 8
"../../../../Projectos unreal/InifinteRunner/Content/Maps/tileset/steam_sprite/sprite_02.uasset" 9
"../../../../Projectos unreal/InifinteRunner/Content/Maps/tileset/steam_sprite/sprite_03.uasset" 10
"../../../../Projectos unreal/InifinteRunner/Content/Maps/tileset/steam_sprite/sprite_04.uasset" 11
"../../../../Projectos unreal/InifinteRunner/Content/Maps/tileset/steam_sprite/sprite_05.uasset" 12
"../../../../Projectos unreal/InifinteRunner/Content/Maps/tileset/steam_sprite/sprite_06.uasset" 13
"../../../../Projectos unreal/InifinteRunner/Content/Maps/tileset/steam_sprite/sprite_07.uasset" 14
"../../../../Projectos unreal/InifinteRunner/Content/Maps/tileset/steam_sprite/sprite_08.uasset" 15
"../../../../Projectos unreal/InifinteRunner/Content/Maps/tileset/steam_sprite/sprite_09.uasset" 16
"../../../../Projectos unreal/InifinteRunner/Content/Maps/tileset/steam_sprite/sprite_10.uasset" 17
"../../../../Projectos unreal/InifinteRunner/Content/Maps/tileset/steam_sprite/sprite_11.uasset" 18
"../../../../Projectos unreal/InifinteRunner/Content/Maps/tileset/steam_sprite/sprite_12.uasset" 19
"../../../../Projectos unreal/InifinteRunner/Content/Maps/tileset/steam_sprite/sprite_13.uasset" 20
"../../Plugins/2D/Paper2D/Content/PlaceholderTextures/DummySpriteTexture.uasset" 21
"../../Plugins/2D/Paper2D/Content/DummySpriteTexture.uasset" 22
"../../Plugins/2D/Paper2D/Content/DefaultSpriteMaterial.uasset" 23
"../../Plugins/2D/Paper2D/Content/TranslucentUnlitSpriteMaterial.uasset" 24
"../../../../Projectos unreal/InifinteRunner/Content/2dSprites/spikes-png-8.uasset" 25
"../../../../Projectos unreal/InifinteRunner/Content/2dSprites/spikes-png-8_Sprite.uasset" 26
"../../../../Projectos unreal/InifinteRunner/Content/2dSprites/Wooden_Floor_Spikes.uasset" 27
"../../../../Projectos unreal/InifinteRunner/Content/2dSprites/Wooden_Floor_Spikes_Sprite.uasset" 28
"../../../../Projectos unreal/InifinteRunner/Content/2dSprites/dead/Dead__000.uasset" 29
"../../../../Projectos unreal/InifinteRunner/Content/2dSprites/dead/Dead__000_Sprite.uasset" 30
"../../../../Projectos unreal/InifinteRunner/Content/2dSprites/dead/Dead__001.uasset" 31
"../../../../Projectos unreal/InifinteRunner/Content/2dSprites/dead/Dead__001_Sprite.uasset" 32
"../../../../Projectos unreal/InifinteRunner/Content/2dSprites/dead/Dead__002.uasset" 33
"../../../../Projectos unreal/InifinteRunner/Content/2dSprites/dead/Dead__002_Sprite.uasset" 34
"../../../../Projectos unreal/InifinteRunner/Content/2dSprites/dead/Dead__003.uasset" 35
"../../../../Projectos unreal/InifinteRunner/Content/2dSprites/dead/Dead__003_Sprite.uasset" 36
"../../../../Projectos unreal/InifinteRunner/Content/2dSprites/dead/Dead__004.uasset" 37
"../../../../Projectos unreal/InifinteRunner/Content/2dSprites/dead/Dead__004_Sprite.uasset" 38
"../../../../Projectos unreal/InifinteRunner/Content/2dSprites/dead/Dead__005.uasset" 39
"../../../../Projectos unreal/InifinteRunner/Content/2dSprites/dead/Dead__005_Sprite.uasset" 40
"../../../../Projectos unreal/InifinteRunner/Content/2dSprites/dead/Dead__006.uasset" 41
"../../../../Projectos unreal/InifinteRunner/Content/2dSprites/dead/Dead__006_Sprite.uasset" 42
"../../../../Projectos unreal/InifinteRunner/Content/2dSprites/dead/Dead__007.uasset" 43
"../../../../Projectos unreal/InifinteRunner/Content/2dSprites/dead/Dead__007_Sprite.uasset" 44
"../../../../Projectos unreal/InifinteRunner/Content/2dSprites/dead/Dead__008.uasset" 45
"../../../../Projectos unreal/InifinteRunner/Content/2dSprites/dead/Dead__008_Sprite.uasset" 46
"../../../../Projectos unreal/InifinteRunner/Content/2dSprites/dead/Dead__009.uasset" 47
"../../../../Projectos unreal/InifinteRunner/Content/2dSprites/dead/Dead__009_Sprite.uasset" 48
"../../../../Projectos unreal/InifinteRunner/Content/2dSprites/dead/Dead.uasset" 49
"../../../../Projectos unreal/InifinteRunner/Content/2dSprites/glide/Glide_000.uasset" 50
"../../../../Projectos unreal/InifinteRunner/Content/2dSprites/glide/Glide_000_Sprite.uasset" 51
"../../../../Projectos unreal/InifinteRunner/Content/2dSprites/glide/Glide_001.uasset" 52
"../../../../Projectos unreal/InifinteRunner/Content/2dSprites/glide/Glide_001_Sprite.uasset" 53
"../../../../Projectos unreal/InifinteRunner/Content/2dSprites/glide/Glide_002.uasset" 54
"../../../../Projectos unreal/InifinteRunner/Content/2dSprites/glide/Glide_002_Sprite.uasset" 55
"../../../../Projectos unreal/InifinteRunner/Content/2dSprites/glide/Glide_003.uasset" 56
"../../../../Projectos unreal/InifinteRunner/Content/2dSprites/glide/Glide_003_Sprite.uasset" 57
"../../../../Projectos unreal/InifinteRunner/Content/2dSprites/glide/Glide_004.uasset" 58
"../../../../Projectos unreal/InifinteRunner/Content/2dSprites/glide/Glide_004_Sprite.uasset" 59
"../../../../Projectos unreal/InifinteRunner/Content/2dSprites/glide/Glide_005.uasset" 60
"../../../../Projectos unreal/InifinteRunner/Content/2dSprites/glide/Glide_005_Sprite.uasset" 61
"../../../../Projectos unreal/InifinteRunner/Content/2dSprites/glide/Glide_006.uasset" 62
"../../../../Projectos unreal/InifinteRunner/Content/2dSprites/glide/Glide_006_Sprite.uasset" 63
"../../../../Projectos unreal/InifinteRunner/Content/2dSprites/glide/Glide_007.uasset" 64
"../../../../Projectos unreal/InifinteRunner/Content/2dSprites/glide/Glide_007_Sprite.uasset" 65
"../../../../Projectos unreal/InifinteRunner/Content/2dSprites/glide/Glide_008.uasset" 66
"../../../../Projectos unreal/InifinteRunner/Content/2dSprites/glide/Glide_008_Sprite.uasset" 67
"../../../../Projectos unreal/InifinteRunner/Content/2dSprites/glide/Glide_009.uasset" 68
"../../../../Projectos unreal/InifinteRunner/Content/2dSprites/glide/Glide_009_Sprite.uasset" 69
"../../../../Projectos unreal/InifinteRunner/Content/2dSprites/glide/Glide.uasset" 70
"../../../../Projectos unreal/InifinteRunner/Content/2dSprites/idle/Idle__000.uasset" 71
"../../../../Projectos unreal/InifinteRunner/Content/2dSprites/idle/Idle__000_Sprite.uasset" 72
"../../../../Projectos unreal/InifinteRunner/Content/2dSprites/idle/Idle__001.uasset" 73
"../../../../Projectos unreal/InifinteRunner/Content/2dSprites/idle/Idle__001_Sprite.uasset" 74
"../../../../Projectos unreal/InifinteRunner/Content/2dSprites/idle/Idle__002.uasset" 75
"../../../../Projectos unreal/InifinteRunner/Content/2dSprites/idle/Idle__002_Sprite.uasset" 76
"../../../../Projectos unreal/InifinteRunner/Content/2dSprites/idle/Idle__003.uasset" 77
"../../../../Projectos unreal/InifinteRunner/Content/2dSprites/idle/Idle__003_Sprite.uasset" 78
"../../../../Projectos unreal/InifinteRunner/Content/2dSprites/idle/Idle__004.uasset" 79
"../../../../Projectos unreal/InifinteRunner/Content/2dSprites/idle/Idle__004_Sprite.uasset" 80
"../../../../Projectos unreal/InifinteRunner/Content/2dSprites/idle/Idle__005.uasset" 81
"../../../../Projectos unreal/InifinteRunner/Content/2dSprites/idle/Idle__005_Sprite.uasset" 82
"../../../../Projectos unreal/InifinteRunner/Content/2dSprites/idle/Idle__006.uasset" 83
"../../../../Projectos unreal/InifinteRunner/Content/2dSprites/idle/Idle__006_Sprite.uasset" 84
"../../../../Projectos unreal/InifinteRunner/Content/2dSprites/idle/Idle__007.uasset" 85
"../../../../Projectos unreal/InifinteRunner/Content/2dSprites/idle/Idle__007_Sprite.uasset" 86
"../../../../Projectos unreal/InifinteRunner/Content/2dSprites/idle/Idle__008.uasset" 87
"../../../../Projectos unreal/InifinteRunner/Content/2dSprites/idle/Idle__008_Sprite.uasset" 88
"../../../../Projectos unreal/InifinteRunner/Content/2dSprites/idle/Idle__009.uasset" 89
"../../../../Projectos unreal/InifinteRunner/Content/2dSprites/idle/Idle__009_Sprite.uasset" 90
"../../../../Projectos unreal/InifinteRunner/Content/2dSprites/idle/Idle.uasset" 91
"../../../../Projectos unreal/InifinteRunner/Content/2dSprites/jumpThrow/Jump_Throw__000.uasset" 92
"../../../../Projectos unreal/InifinteRunner/Content/2dSprites/jumpThrow/Jump_Throw__000_Sprite.uasset" 93
"../../../../Projectos unreal/InifinteRunner/Content/2dSprites/jumpThrow/Jump_Throw__001.uasset" 94
"../../../../Projectos unreal/InifinteRunner/Content/2dSprites/jumpThrow/Jump_Throw__001_Sprite.uasset" 95
"../../../../Projectos unreal/InifinteRunner/Content/2dSprites/jumpThrow/Jump_Throw__002.uasset" 96
"../../../../Projectos unreal/InifinteRunner/Content/2dSprites/jumpThrow/Jump_Throw__002_Sprite.uasset" 97
"../../../../Projectos unreal/InifinteRunner/Content/2dSprites/jumpThrow/Jump_Throw__003.uasset" 98
"../../../../Projectos unreal/InifinteRunner/Content/2dSprites/jumpThrow/Jump_Throw__003_Sprite.uasset" 99
"../../../../Projectos unreal/InifinteRunner/Content/2dSprites/jumpThrow/Jump_Throw__004.uasset" 100
"../../../../Projectos unreal/InifinteRunner/Content/2dSprites/jumpThrow/Jump_Throw__004_Sprite.uasset" 101
"../../../../Projectos unreal/InifinteRunner/Content/2dSprites/jumpThrow/Jump_Throw__005.uasset" 102
"../../../../Projectos unreal/InifinteRunner/Content/2dSprites/jumpThrow/Jump_Throw__005_Sprite.uasset" 103
"../../../../Projectos unreal/InifinteRunner/Content/2dSprites/jumpThrow/Jump_Throw__006.uasset" 104
"../../../../Projectos unreal/InifinteRunner/Content/2dSprites/jumpThrow/Jump_Throw__006_Sprite.uasset" 105
"../../../../Projectos unreal/InifinteRunner/Content/2dSprites/jumpThrow/Jump_Throw__007.uasset" 106
"../../../../Projectos unreal/InifinteRunner/Content/2dSprites/jumpThrow/Jump_Throw__007_Sprite.uasset" 107
"../../../../Projectos unreal/InifinteRunner/Content/2dSprites/jumpThrow/Jump_Throw__008.uasset" 108
"../../../../Projectos unreal/InifinteRunner/Content/2dSprites/jumpThrow/Jump_Throw__008_Sprite.uasset" 109
"../../../../Projectos unreal/InifinteRunner/Content/2dSprites/jumpThrow/Jump_Throw__009.uasset" 110
"../../../../Projectos unreal/InifinteRunner/Content/2dSprites/jumpThrow/Jump_Throw__009_Sprite.uasset" 111
"../../../../Projectos unreal/InifinteRunner/Content/2dSprites/jumpThrow/Jump_Throw.uasset" 112
"../../../../Projectos unreal/InifinteRunner/Content/2dSprites/tree/tree-1.uasset" 113
"../../../../Projectos unreal/InifinteRunner/Content/2dSprites/tree/tree-1_Sprite.uasset" 114
"../../../../Projectos unreal/InifinteRunner/Content/2dSprites/tree/tree-2.uasset" 115
"../../../../Projectos unreal/InifinteRunner/Content/2dSprites/tree/tree-2_Sprite.uasset" 116
"../../../../Projectos unreal/InifinteRunner/Content/Maps/tileset/PngItem_1459314.uasset" 117
"../../../../Projectos unreal/InifinteRunner/Content/Maps/tileset/block.uasset" 118
"../../../../Projectos unreal/InifinteRunner/Content/StarterContent/Audio/Explosion_Cue.uasset" 119
"../../../../Projectos unreal/InifinteRunner/Content/StarterContent/Particles/Materials/M_Burst.uasset" 120
"../../../../Projectos unreal/InifinteRunner/Content/StarterContent/Particles/Materials/M_explosion_subUV.uasset" 121
"../../../../Projectos unreal/InifinteRunner/Content/StarterContent/Particles/Materials/m_flare_01.uasset" 122
"../../../Engine/Content/Functions/Engine_MaterialFunctions01/Gradient/RadialGradient.uasset" 123
"../../../../Projectos unreal/InifinteRunner/Content/StarterContent/Particles/Materials/M_radial_ramp.uasset" 124
"../../../../Projectos unreal/InifinteRunner/Content/StarterContent/Particles/Materials/M_smoke_subUV.uasset" 125
"../../../../Projectos unreal/InifinteRunner/Content/StarterContent/Particles/P_Explosion.uasset" 126
"../../../../Projectos unreal/InifinteRunner/Content/Blueprints/BP_DamageBomb.uasset" 127
"../../../../Projectos unreal/InifinteRunner/Content/sounds/23046.uasset" 128
"../../../../Projectos unreal/InifinteRunner/Content/sounds/23046_Cue.uasset" 129
"../../Plugins/2D/Paper2D/Content/DummySprite.uasset" 130
"../../../../Projectos unreal/InifinteRunner/Content/Blueprints/BP_BallEnemy.uasset" 131
"../../../../Projectos unreal/InifinteRunner/Content/2dSprites/Ship1.uasset" 132
"../../../../Projectos unreal/InifinteRunner/Content/2dSprites/Ship1_Sprite.uasset" 133
"../../../../Projectos unreal/InifinteRunner/Content/Blueprints/Enemy6_Blueprint.uasset" 134
"../../../Engine/Content/Functions/Engine_MaterialFunctions01/Opacity/CameraDepthFade.uasset" 135
"../../../Engine/Content/EngineMaterials/T_Default_Material_Grid_M.uasset" 136
"../../../Engine/Content/EngineMaterials/T_Default_Material_Grid_N.uasset" 137
"../../../Engine/Content/EngineMaterials/WorldGridMaterial.uasset" 138
"../../../Engine/Content/BasicShapes/Cube1.uasset" 139
"../../../Engine/Content/BasicShapes/Cube.uasset" 140
"../../../../Projectos unreal/InifinteRunner/Content/2dSprites/tree/dbogk4i-0bc0a29d-0157-4db8-adb7-c8a2562f5288.uasset" 141
"../../../../Projectos unreal/InifinteRunner/Content/2dSprites/tree/dbogk4i-0bc0a29d-0157-4db8-adb7-c8a2562f5288_Sprite.uasset" 142
"../../../../Projectos unreal/InifinteRunner/Content/2dSprites/tree/NewPaperTileSet.uasset" 143
"../../../../Projectos unreal/InifinteRunner/Content/2dSprites/tree/NewPaperTileSet1.uasset" 144
"../../../../Projectos unreal/InifinteRunner/Content/2dSprites/tree/NewPaperTileMap.uasset" 145
"../../../../Projectos unreal/InifinteRunner/Content/Blueprints/MapTile1_BP.uasset" 146
"../../../../Projectos unreal/InifinteRunner/Content/Blueprints/BP_NinjaGameInstance.uasset" 147
"../../../../Projectos unreal/InifinteRunner/Content/sounds/chime.uasset" 148
"../../../../Projectos unreal/InifinteRunner/Content/sounds/chime_Cue.uasset" 149
"../../../../Projectos unreal/InifinteRunner/Content/StarterContent/Audio/Collapse01.uasset" 150
"../../../../Projectos unreal/InifinteRunner/Content/StarterContent/Audio/Collapse02.uasset" 151
"../../../../Projectos unreal/InifinteRunner/Content/StarterContent/Audio/Collapse_Cue.uasset" 152
"../../../../Projectos unreal/InifinteRunner/Content/StarterContent/Audio/Explosion01.uasset" 153
"../../../../Projectos unreal/InifinteRunner/Content/StarterContent/Audio/Explosion02.uasset" 154
"../../../../Projectos unreal/InifinteRunner/Content/StarterContent/Audio/Fire01.uasset" 155
"../../../../Projectos unreal/InifinteRunner/Content/StarterContent/Audio/Fire01_Cue.uasset" 156
"../../../../Projectos unreal/InifinteRunner/Content/StarterContent/Audio/Fire_Sparks01.uasset" 157
"../../../../Projectos unreal/InifinteRunner/Content/StarterContent/Audio/Fire_Sparks01_Cue.uasset" 158
"../../../../Projectos unreal/InifinteRunner/Content/StarterContent/Audio/Light01.uasset" 159
"../../../../Projectos unreal/InifinteRunner/Content/StarterContent/Audio/Light01_Cue.uasset" 160
"../../../../Projectos unreal/InifinteRunner/Content/StarterContent/Audio/Light02.uasset" 161
"../../../../Projectos unreal/InifinteRunner/Content/StarterContent/Audio/Light02_Cue.uasset" 162
"../../../../Projectos unreal/InifinteRunner/Content/StarterContent/Audio/Smoke01.uasset" 163
"../../../../Projectos unreal/InifinteRunner/Content/StarterContent/Audio/Smoke01_Cue.uasset" 164
"../../../../Projectos unreal/InifinteRunner/Content/StarterContent/Audio/Starter_Birds01.uasset" 165
"../../../../Projectos unreal/InifinteRunner/Content/StarterContent/Audio/Starter_Music01.uasset" 166
"../../../../Projectos unreal/InifinteRunner/Content/StarterContent/Audio/Starter_Music_Cue.uasset" 167
"../../../../Projectos unreal/InifinteRunner/Content/StarterContent/Audio/Starter_Wind05.uasset" 168
"../../../../Projectos unreal/InifinteRunner/Content/StarterContent/Audio/Starter_Wind06.uasset" 169
"../../../../Projectos unreal/InifinteRunner/Content/StarterContent/Audio/Steam01.uasset" 170
"../../../../Projectos unreal/InifinteRunner/Content/StarterContent/Audio/Steam01_Cue.uasset" 171
"../../../../Projectos unreal/InifinteRunner/Content/StarterContent/Particles/Materials/M_Dust_Particle.uasset" 172
"../../../../Projectos unreal/InifinteRunner/Content/StarterContent/Particles/P_Ambient_Dust.uasset" 173
"../../../../Projectos unreal/InifinteRunner/Content/StarterContent/Particles/Materials/M_Fire_SubUV.uasset" 174
"../../../../Projectos unreal/InifinteRunner/Content/StarterContent/Particles/Materials/M_Heat_Distortion.uasset" 175
"../../../../Projectos unreal/InifinteRunner/Content/StarterContent/Particles/Materials/M_Radial_Gradient.uasset" 176
"../../../../Projectos unreal/InifinteRunner/Content/StarterContent/Particles/P_Fire.uasset" 177
"../../../../Projectos unreal/InifinteRunner/Content/StarterContent/Particles/P_Smoke.uasset" 178
"../../../../Projectos unreal/InifinteRunner/Content/StarterContent/Particles/Materials/M_Spark.uasset" 179
"../../../../Projectos unreal/InifinteRunner/Content/StarterContent/Particles/P_Sparks.uasset" 180
"../../../../Projectos unreal/InifinteRunner/Content/StarterContent/Particles/P_Steam_Lit.uasset" 181
"../../../../Projectos unreal/InifinteRunner/Content/StarterContent/Shapes/Shape_Cone.uasset" 182
"../../../../Projectos unreal/InifinteRunner/Content/StarterContent/Shapes/Shape_Cube.uasset" 183
"../../../../Projectos unreal/InifinteRunner/Content/StarterContent/Shapes/Shape_Cylinder.uasset" 184
"../../../../Projectos unreal/InifinteRunner/Content/StarterContent/Shapes/Shape_NarrowCapsule.uasset" 185
"../../../../Projectos unreal/InifinteRunner/Content/StarterContent/Shapes/Shape_Pipe.uasset" 186
"../../../../Projectos unreal/InifinteRunner/Content/StarterContent/Shapes/Shape_Pipe_180.uasset" 187
"../../../../Projectos unreal/InifinteRunner/Content/StarterContent/Shapes/Shape_Pipe_90.uasset" 188
"../../../../Projectos unreal/InifinteRunner/Content/StarterContent/Shapes/Shape_Plane.uasset" 189
"../../../../Projectos unreal/InifinteRunner/Content/StarterContent/Shapes/Shape_QuadPyramid.uasset" 190
"../../../../Projectos unreal/InifinteRunner/Content/StarterContent/Shapes/Shape_Sphere.uasset" 191
"../../../../Projectos unreal/InifinteRunner/Content/StarterContent/Shapes/Shape_Torus.uasset" 192
"../../../../Projectos unreal/InifinteRunner/Content/StarterContent/Shapes/Shape_Trim.uasset" 193
"../../../../Projectos unreal/InifinteRunner/Content/StarterContent/Shapes/Shape_Trim_90_In.uasset" 194
"../../../../Projectos unreal/InifinteRunner/Content/StarterContent/Shapes/Shape_Trim_90_Out.uasset" 195
"../../../../Projectos unreal/InifinteRunner/Content/StarterContent/Shapes/Shape_TriPyramid.uasset" 196
"../../../../Projectos unreal/InifinteRunner/Content/StarterContent/Shapes/Shape_Tube.uasset" 197
"../../../../Projectos unreal/InifinteRunner/Content/StarterContent/Shapes/Shape_Wedge_A.uasset" 198
"../../../../Projectos unreal/InifinteRunner/Content/StarterContent/Shapes/Shape_Wedge_B.uasset" 199
"../../../../Projectos unreal/InifinteRunner/Content/StarterContent/Shapes/Shape_WideCapsule.uasset" 200
"../../../Engine/Content/Animation/DefaultAnimCurveCompressionSettings.uasset" 201
"../../../Engine/Content/ArtTools/RenderToTexture/Meshes/S_1_Unit_Plane.uasset" 202
"../../../Engine/Content/EngineMaterials/DefaultMaterial.uasset" 203
"../../../Engine/Content/BasicShapes/Cone.uasset" 204
"../../../Engine/Content/BasicShapes/Cylinder.uasset" 205
"../../../Engine/Content/BasicShapes/Plane.uasset" 206
"../../../Engine/Content/BasicShapes/Sphere.uasset" 207
"../../../Engine/Content/EditorLandscapeResources/DataLayer.uasset" 208
"../../../Engine/Content/EditorMaterials/GizmoMaterial.uasset" 209
"../../../Engine/Content/EditorMaterials/MAT_Groups_Toggle.uasset" 210
"../../../Engine/Content/EditorMaterials/MAT_Groups_Visibility.uasset" 211
"../../../Engine/Content/EditorMaterials/PreviewShadowIndicator.uasset" 212
"../../../Engine/Content/EditorMaterials/PreviewShadowIndicatorMaterial.uasset" 213
"../../../Engine/Content/EditorMaterials/MatineeGroups/MAT_ColorTrack.uasset" 214
"../../../Engine/Content/EditorMaterials/MatineeGroups/MAT_Groups_Anim.uasset" 215
"../../../Engine/Content/EditorMaterials/MatineeGroups/MAT_Groups_AudioMaster.uasset" 216
"../../../Engine/Content/EditorMaterials/MatineeGroups/MAT_Groups_Director.uasset" 217
"../../../Engine/Content/EditorMaterials/MatineeGroups/MAT_Groups_Event.uasset" 218
"../../../Engine/Content/EditorMaterials/MatineeGroups/MAT_Groups_Fade.uasset" 219
"../../../Engine/Content/EditorMaterials/MatineeGroups/MAT_Groups_Float.uasset" 220
"../../../Engine/Content/EditorMaterials/MatineeGroups/MAT_Groups_Move.uasset" 221
"../../../Engine/Content/EditorMaterials/MatineeGroups/MAT_Groups_Slomo.uasset" 222
"../../../Engine/Content/EditorMaterials/MatineeGroups/MAT_Groups_Sound.uasset" 223
"../../../Engine/Content/EditorMaterials/MatineeGroups/MAT_Groups_Vector.uasset" 224
"../../../Engine/Content/EditorMaterials/ParticleSystems/PSysThumbnail_NoImage.uasset" 225
"../../../Engine/Content/EditorMaterials/ParticleSystems/PSysThumbnail_OOD.uasset" 226
"../../../Engine/Content/EditorMaterials/Camera/CineMat.uasset" 227
"../../../Engine/Content/EditorMaterials/Camera/MI_CineMat_Rig.uasset" 228
"../../../Engine/Content/EditorMeshes/Camera/SM_CraneRig_Arm.uasset" 229
"../../../Engine/Content/EditorMeshes/Camera/SM_CraneRig_Base.uasset" 230
"../../../Engine/Content/EditorMeshes/Camera/SM_CraneRig_Body.uasset" 231
"../../../Engine/Content/EditorMeshes/Camera/SM_CraneRig_Mount.uasset" 232
"../../../Engine/Content/EditorMeshes/Camera/SM_RailRig_Mount.uasset" 233
"../../../Engine/Content/EditorMeshes/Camera/SM_RailRig_Track.uasset" 234
"../../../Engine/Content/EditorResources/BSPVertex.uasset" 235
"../../../Engine/Content/EditorResources/EmptyActor.uasset" 236
"../../../Engine/Content/EditorResources/S_Actor.uasset" 237
"../../../Engine/Content/EditorResources/S_Note.uasset" 238
"../../../Engine/Content/EditorResources/S_Solver.uasset" 239
"../../../Engine/Content/EditorResources/S_Trigger.uasset" 240
"../../../Engine/Content/EditorResources/AudioIcons/S_AudioComponent_AutoActivate.uasset" 241
"../../../Engine/Content/EditorResources/LightIcons/S_LightError.uasset" 242
"../../../Engine/Content/EditorResources/SequenceRecorder/Countdown.uasset" 243
"../../../Engine/Content/EditorResources/SequenceRecorder/RecordingIndicator.uasset" 244
"../../../Engine/Content/EditorSounds/Notifications/CompileFailed.uasset" 245
"../../../Engine/Content/EditorSounds/Notifications/CompileFailed_Cue.uasset" 246
"../../../Engine/Content/EditorSounds/Notifications/CompileSuccess.uasset" 247
"../../../Engine/Content/EditorSounds/Notifications/CompileStart_Cue.uasset" 248
"../../../Engine/Content/EditorSounds/Notifications/CompileSuccess_Cue.uasset" 249
"../../../Engine/Content/EngineDamageTypes/DmgTypeBP_Environmental.uasset" 250
"../../../Engine/Content/EngineDebugMaterials/HeatmapGradient.uasset" 251
"../../../Engine/Content/EngineDebugMaterials/BoneWeightMaterial.uasset" 252
"../../../Engine/Content/EngineDebugMaterials/ClothMaterial.uasset" 253
"../../../Engine/Content/EngineDebugMaterials/ClothMaterial_WF.uasset" 254
"../../../Engine/Content/EngineDebugMaterials/DebugEditorMaterial.uasset" 255
"../../../Engine/Content/EngineDebugMaterials/DebugMeshMaterial.uasset" 256
"../../../Engine/Content/EngineDebugMaterials/GeomMaterial.uasset" 257
"../../../Engine/Content/EngineDebugMaterials/M_SimpleTranslucent.uasset" 258
"../../../Engine/Content/Functions/Engine_MaterialFunctions02/Utility/CameraDirectionVector.uasset" 259
"../../../Engine/Content/EngineDebugMaterials/VolumeToRender.uasset" 260
"../../../Engine/Content/EngineDebugMaterials/M_VolumeRenderSphereTracePP.uasset" 261
"../../../Engine/Content/EngineDebugMaterials/WireframeMaterial.uasset" 262
"../../../Engine/Content/EngineFonts/Faces/RobotoBold.uasset" 263
"../../../Engine/Content/EngineFonts/Faces/RobotoBoldItalic.uasset" 264
"../../../Engine/Content/EngineFonts/Faces/RobotoItalic.uasset" 265
"../../../Engine/Content/EngineFonts/Faces/RobotoLight.uasset" 266
"../../../Engine/Content/EngineFonts/Faces/RobotoRegular.uasset" 267
"../../../Engine/Content/EngineFonts/Roboto.uasset" 268
"../../../Engine/Content/EngineFonts/Faces/RobotoTiny.uasset" 269
"../../../Engine/Content/EngineFonts/RobotoTiny.uasset" 270
"../../../Engine/Content/EngineMaterials/BaseFlattenDiffuseMap.uasset" 271
"../../../Engine/Content/EngineMaterials/BaseFlattenEmissiveMap.uasset" 272
"../../../Engine/Content/EngineMaterials/BaseFlattenGrayscaleMap.uasset" 273
"../../../Engine/Content/EngineMaterials/BaseFlattenNormalMap.uasset" 274
"../../../Engine/Content/EngineMaterials/BaseFlattenMaterial.uasset" 275
"../../../Engine/Content/EngineMaterials/BlueNoise.uasset" 276
"../../../Engine/Content/EngineMaterials/DefaultBloomKernel.uasset" 277
"../../../Engine/Content/EngineMaterials/DefaultBokeh.uasset" 278
"../../../Engine/Content/EngineMaterials/DefaultDiffuse.uasset" 279
"../../../Engine/Content/EngineMaterials/DefaultDeferredDecalMaterial.uasset" 280
"../../../Engine/Content/EngineMaterials/DefaultLightFunctionMaterial.uasset" 281
"../../../Engine/Content/EngineMaterials/DefaultPhysicalMaterial.uasset" 282
"../../../Engine/Content/Functions/Engine_MaterialFunctions02/Utility/BreakOutFloat2Components.uasset" 283
"../../../Engine/Content/EngineMaterials/DefaultPostProcessMaterial.uasset" 284
"../../../Engine/Content/EngineFonts/RobotoDistanceField.uasset" 285
"../../../Engine/Content/EngineMaterials/DefaultTextMaterialOpaque.uasset" 286
"../../../Engine/Content/EngineMaterials/DefaultVirtualTextureMaterial.uasset" 287
"../../../Engine/Content/EngineMaterials/DefaultWhiteGrid.uasset" 288
"../../../Engine/Content/EngineMaterials/EditorBrushMaterial.uasset" 289
"../../../Engine/Content/EngineMaterials/DefaultWhiteGrid_Low.uasset" 290
"../../../Engine/Content/EngineMaterials/EmissiveMeshMaterial.uasset" 291
"../../../Engine/Content/EngineMaterials/Good64x64TilingNoiseHighFreq.uasset" 292
"../../../Engine/Content/EngineMaterials/MiniFont.uasset" 293
"../../../Engine/Content/EngineMaterials/InvalidLightmapSettings.uasset" 294
"../../../Engine/Content/EngineMaterials/M_InvalidLightmapSettings.uasset" 295
"../../../Engine/Content/Functions/Engine_MaterialFunctions02/WorldPositionOffset/CameraOffset.uasset" 296
"../../../Engine/Content/EngineMaterials/PhAT_JointLimitMaterial.uasset" 297
"../../../Engine/Content/EngineMaterials/PreintegratedSkinBRDF.uasset" 298
"../../../Engine/Content/EngineMaterials/RemoveSurfaceMaterial.uasset" 299
"../../../Engine/Content/EngineMaterials/WeightMapPlaceholderTexture.uasset" 300
"../../../Engine/Content/EngineResources/WhiteSquareTexture.uasset" 301
"../../../Engine/Content/EngineMaterials/Widget3DPassThrough.uasset" 302
"../../../Engine/Content/EngineMaterials/Widget3DPassThrough_Masked.uasset" 303
"../../../Engine/Content/EngineMaterials/Widget3DPassThrough_Opaque.uasset" 304
"../../../Engine/Content/EngineMaterials/Widget3DPassThrough_Masked_OneSided.uasset" 305
"../../../Engine/Content/EngineMaterials/Widget3DPassThrough_Opaque_OneSided.uasset" 306
"../../../Engine/Content/EngineMaterials/Widget3DPassThrough_Translucent.uasset" 307
"../../../Engine/Content/EngineMaterials/Widget3DPassThrough_Translucent_OneSided.uasset" 308
"../../../Engine/Content/EngineMeshes/Cylinder.uasset" 309
"../../../Engine/Content/EngineMeshes/Sphere.uasset" 310
"../../../Engine/Content/EngineResources/Black.uasset" 311
"../../../Engine/Content/EngineResources/DefaultTexture.uasset" 312
"../../../Engine/Content/EngineResources/DefaultTextureCube.uasset" 313
"../../../Engine/Content/EngineResources/DefaultVolumeTexture2D.uasset" 314
"../../../Engine/Content/EngineResources/DefaultVolumeTexture.uasset" 315
"../../../Engine/Content/EngineResources/GradientTexture0.uasset" 316
"../../../Engine/Content/EngineSounds/Master.uasset" 317
"../../../Engine/Content/Functions/Engine_MaterialFunctions01/Shading/ConvertFromDiffSpec.uasset" 318
"../../../Engine/Content/Functions/Engine_MaterialFunctions01/Shading/PowerToRoughness.uasset" 319
"../../../Engine/Content/Maps/Templates/Thumbnails/Default.uasset" 320
"../../../Engine/Content/Maps/Templates/Thumbnails/VR-Basic.uasset" 321
"../../../Engine/Content/MobileResources/T_MobileControls_texture.uasset" 322
"../../../Engine/Content/MobileResources/T_MobileMenu2.uasset" 323
"../../../Engine/Content/MobileResources/HUD/AnalogHat.uasset" 324
"../../../Engine/Content/MobileResources/HUD/VirtualJoystick_Background.uasset" 325
"../../../Engine/Content/MobileResources/HUD/VirtualJoystick_Thumb.uasset" 326
"../../../Engine/Content/MobileResources/HUD/DefaultVirtualJoysticks.uasset" 327
"../../../Engine/Content/MobileResources/HUD/LeftVirtualJoystickOnly.uasset" 328
"../../../Engine/Content/MobileResources/HUD/MobileHUDButton1_off.uasset" 329
"../../../Engine/Content/MobileResources/HUD/MobileHUDButton1_on.uasset" 330
"../../../Engine/Content/MobileResources/HUD/MobileHUDButton2_off.uasset" 331
"../../../Engine/Content/MobileResources/HUD/MobileHUDButton2_on.uasset" 332
"../../../Engine/Content/MobileResources/HUD/MobileHUDButton3.uasset" 333
"../../../Engine/Content/MobileResources/HUD/MobileHUDButtonFire.uasset" 334
"../../../Engine/Content/MobileResources/HUD/MobileHUDDirectionPad.uasset" 335
"../../../Engine/Content/MobileResources/HUD/MobileHUDDirectionPad2.uasset" 336
"../../../Engine/Content/MobileResources/HUD/MobileHUDDirectionPad3.uasset" 337
"../../../Engine/Content/MobileResources/HUD/MobileHUDDirectionStick.uasset" 338
"../../../Engine/Content/MobileResources/HUD/T_Castle_ThumbstickInner.uasset" 339
"../../../Engine/Content/MobileResources/HUD/T_Castle_ThumbstickOutter.uasset" 340
"../../../Engine/Content/Tutorial/ContentIntroCurve.uasset" 341
"../../../Engine/Content/Tutorial/Basics/LevelEditorAttract.uasset" 342
"../../../Engine/Content/Tutorial/Basics/TutorialAssets/icon_tab_Levels_40x.uasset" 343
"../../../Engine/Content/Tutorial/Basics/LevelEditorOverview.uasset" 344
"../../../Engine/Content/VREditor/LaserPointer/VR_LaserPower_01.uasset" 345
"../../../Engine/Content/VREditor/TransformGizmo/TransformGizmoMaterial.uasset" 346
"../../../Engine/Content/VREditor/TransformGizmo/TranslucentTransformGizmoMaterial.uasset" 347
"../../../Engine/Content/VREditor/TransformGizmo/BoundingBoxCorner.uasset" 348
"../../../Engine/Content/VREditor/TransformGizmo/BoundingBoxEdge.uasset" 349
"../../../Engine/Content/VREditor/TransformGizmo/PlaneTranslationHandle.uasset" 350
"../../../Engine/Content/VREditor/TransformGizmo/Main.uasset" 351
"../../../Engine/Content/VREditor/TransformGizmo/Xray.uasset" 352
"../../../Engine/Content/VREditor/TransformGizmo/SM_Sequencer_Key.uasset" 353
"../../../Engine/Content/VREditor/TransformGizmo/SM_Sequencer_Node.uasset" 354
"../../Plugins/2D/Paper2D/Content/DefaultPaperTerrainMaterial.uasset" 355
"../../Plugins/2D/Paper2D/Content/MaskedUnlitSpriteMaterial.uasset" 356
"../../Plugins/2D/Paper2D/Content/OpaqueUnlitSpriteMaterial.uasset" 357
"../../Plugins/Runtime/Oculus/OculusVR/Content/OculusMR_RenderTarget.uasset" 358
"../../../Engine/Content/Functions/Engine_MaterialFunctions02/Utility/BreakOutFloat4Components.uasset" 359
"../../../Engine/Content/Functions/Engine_MaterialFunctions02/Utility/MakeFloat2.uasset" 360
"../../../Engine/Content/Functions/Engine_MaterialFunctions02/Utility/MakeFloat3.uasset" 361
"../../Plugins/Runtime/Oculus/OculusVR/Content/Materials/OculusMR_ChromaKey.uasset" 362
"../../Plugins/Runtime/Oculus/OculusVR/Content/Materials/OculusMR_ChromaKey_Lit.uasset" 363
"../../Plugins/Runtime/Oculus/OculusVR/Content/Materials/OculusMR_OpaqueColoredMaterial.uasset" 364
"../../Plugins/Runtime/Oculus/OculusVR/Content/Materials/OculusMR_WhiteMaterial.uasset" 365
"../../../../Projectos unreal/InifinteRunner/Content/Blueprints/HUDs/ninja-warrior-background-with-flat-design_23-2147872224.uasset" 366
"../../../../Projectos unreal/InifinteRunner/Content/Blueprints/HUDs/GameOverWidget.uasset" 367
"../../../../Projectos unreal/InifinteRunner/Content/Blueprints/HUDs/GameOverHUD.uasset" 368
"../../../../Projectos unreal/InifinteRunner/Content/Blueprints/NewBlueprint.uasset" 369
"../../../../Projectos unreal/InifinteRunner/Content/Blueprints/MyNinjaGameModeBase.uasset" 370
"../../../../Projectos unreal/InifinteRunner/Content/sounds/251461__joshuaempyre__arcade-music-loop.uasset" 371
"../../../../Projectos unreal/InifinteRunner/Content/sounds/251461__joshuaempyre__arcade-music-loop_Cue.uasset" 372
"../../../../Projectos unreal/InifinteRunner/Content/Maps/GameOverMenu.umap" 373
"../../../../Projectos unreal/InifinteRunner/Content/Blueprints/HUDs/MainMenuWidget.uasset" 374
"../../../../Projectos unreal/InifinteRunner/Content/Blueprints/HUDs/MainMenuHud.uasset" 375
"../../../../Projectos unreal/InifinteRunner/Content/Blueprints/GameOverGAmemode.uasset" 376
"../../../../Projectos unreal/InifinteRunner/Content/Maps/MainMenu.umap" 377
"../../../../Projectos unreal/InifinteRunner/Content/2dSprites/Kunai.uasset" 378
"../../../../Projectos unreal/InifinteRunner/Content/2dSprites/Kunai_Sprite.uasset" 379
"../../../../Projectos unreal/InifinteRunner/Content/Blueprints/MyKunai.uasset" 380
"../../../../Projectos unreal/InifinteRunner/Content/2dSprites/atack/Attack__000.uasset" 381
"../../../../Projectos unreal/InifinteRunner/Content/2dSprites/atack/Attack__000_Sprite.uasset" 382
"../../../../Projectos unreal/InifinteRunner/Content/2dSprites/atack/Attack__001.uasset" 383
"../../../../Projectos unreal/InifinteRunner/Content/2dSprites/atack/Attack__001_Sprite.uasset" 384
"../../../../Projectos unreal/InifinteRunner/Content/2dSprites/atack/Attack__002.uasset" 385
"../../../../Projectos unreal/InifinteRunner/Content/2dSprites/atack/Attack__002_Sprite.uasset" 386
"../../../../Projectos unreal/InifinteRunner/Content/2dSprites/atack/Attack__003.uasset" 387
"../../../../Projectos unreal/InifinteRunner/Content/2dSprites/atack/Attack__003_Sprite.uasset" 388
"../../../../Projectos unreal/InifinteRunner/Content/2dSprites/atack/Attack__004.uasset" 389
"../../../../Projectos unreal/InifinteRunner/Content/2dSprites/atack/Attack__004_Sprite.uasset" 390
"../../../../Projectos unreal/InifinteRunner/Content/2dSprites/atack/Attack__005.uasset" 391
"../../../../Projectos unreal/InifinteRunner/Content/2dSprites/atack/Attack__005_Sprite.uasset" 392
"../../../../Projectos unreal/InifinteRunner/Content/2dSprites/atack/Attack__006.uasset" 393
"../../../../Projectos unreal/InifinteRunner/Content/2dSprites/atack/Attack__006_Sprite.uasset" 394
"../../../../Projectos unreal/InifinteRunner/Content/2dSprites/atack/Attack__007.uasset" 395
"../../../../Projectos unreal/InifinteRunner/Content/2dSprites/atack/Attack__007_Sprite.uasset" 396
"../../../../Projectos unreal/InifinteRunner/Content/2dSprites/atack/Attack__008.uasset" 397
"../../../../Projectos unreal/InifinteRunner/Content/2dSprites/atack/Attack__008_Sprite.uasset" 398
"../../../../Projectos unreal/InifinteRunner/Content/2dSprites/atack/Attack__009.uasset" 399
"../../../../Projectos unreal/InifinteRunner/Content/2dSprites/atack/Attack__009_Sprite.uasset" 400
"../../../../Projectos unreal/InifinteRunner/Content/2dSprites/atack/Attack.uasset" 401
"../../../../Projectos unreal/InifinteRunner/Content/2dSprites/jump/Jump__000.uasset" 402
"../../../../Projectos unreal/InifinteRunner/Content/2dSprites/jump/Jump__000_Sprite.uasset" 403
"../../../../Projectos unreal/InifinteRunner/Content/2dSprites/jump/Jump__001.uasset" 404
"../../../../Projectos unreal/InifinteRunner/Content/2dSprites/jump/Jump__001_Sprite.uasset" 405
"../../../../Projectos unreal/InifinteRunner/Content/2dSprites/jump/Jump__002.uasset" 406
"../../../../Projectos unreal/InifinteRunner/Content/2dSprites/jump/Jump__002_Sprite.uasset" 407
"../../../../Projectos unreal/InifinteRunner/Content/2dSprites/jump/Jump__003.uasset" 408
"../../../../Projectos unreal/InifinteRunner/Content/2dSprites/jump/Jump__003_Sprite.uasset" 409
"../../../../Projectos unreal/InifinteRunner/Content/2dSprites/jump/Jump__004.uasset" 410
"../../../../Projectos unreal/InifinteRunner/Content/2dSprites/jump/Jump__004_Sprite.uasset" 411
"../../../../Projectos unreal/InifinteRunner/Content/2dSprites/jump/Jump__005.uasset" 412
"../../../../Projectos unreal/InifinteRunner/Content/2dSprites/jump/Jump__005_Sprite.uasset" 413
"../../../../Projectos unreal/InifinteRunner/Content/2dSprites/jump/Jump__006.uasset" 414
"../../../../Projectos unreal/InifinteRunner/Content/2dSprites/jump/Jump__006_Sprite.uasset" 415
"../../../../Projectos unreal/InifinteRunner/Content/2dSprites/jump/Jump__007.uasset" 416
"../../../../Projectos unreal/InifinteRunner/Content/2dSprites/jump/Jump__007_Sprite.uasset" 417
"../../../../Projectos unreal/InifinteRunner/Content/2dSprites/jump/Jump__008.uasset" 418
"../../../../Projectos unreal/InifinteRunner/Content/2dSprites/jump/Jump__008_Sprite.uasset" 419
"../../../../Projectos unreal/InifinteRunner/Content/2dSprites/jump/Jump__009.uasset" 420
"../../../../Projectos unreal/InifinteRunner/Content/2dSprites/jump/Jump__009_Sprite.uasset" 421
"../../../../Projectos unreal/InifinteRunner/Content/2dSprites/jump/Jump.uasset" 422
"../../../../Projectos unreal/InifinteRunner/Content/2dSprites/jumpAttack/Jump_Attack__000.uasset" 423
"../../../../Projectos unreal/InifinteRunner/Content/2dSprites/jumpAttack/Jump_Attack__000_Sprite.uasset" 424
"../../../../Projectos unreal/InifinteRunner/Content/2dSprites/jumpAttack/Jump_Attack__001.uasset" 425
"../../../../Projectos unreal/InifinteRunner/Content/2dSprites/jumpAttack/Jump_Attack__001_Sprite.uasset" 426
"../../../../Projectos unreal/InifinteRunner/Content/2dSprites/jumpAttack/Jump_Attack__002.uasset" 427
"../../../../Projectos unreal/InifinteRunner/Content/2dSprites/jumpAttack/Jump_Attack__002_Sprite.uasset" 428
"../../../../Projectos unreal/InifinteRunner/Content/2dSprites/jumpAttack/Jump_Attack__003.uasset" 429
"../../../../Projectos unreal/InifinteRunner/Content/2dSprites/jumpAttack/Jump_Attack__003_Sprite.uasset" 430
"../../../../Projectos unreal/InifinteRunner/Content/2dSprites/jumpAttack/Jump_Attack__004.uasset" 431
"../../../../Projectos unreal/InifinteRunner/Content/2dSprites/jumpAttack/Jump_Attack__004_Sprite.uasset" 432
"../../../../Projectos unreal/InifinteRunner/Content/2dSprites/jumpAttack/Jump_Attack__005.uasset" 433
"../../../../Projectos unreal/InifinteRunner/Content/2dSprites/jumpAttack/Jump_Attack__005_Sprite.uasset" 434
"../../../../Projectos unreal/InifinteRunner/Content/2dSprites/jumpAttack/Jump_Attack__006.uasset" 435
"../../../../Projectos unreal/InifinteRunner/Content/2dSprites/jumpAttack/Jump_Attack__006_Sprite.uasset" 436
"../../../../Projectos unreal/InifinteRunner/Content/2dSprites/jumpAttack/Jump_Attack__007.uasset" 437
"../../../../Projectos unreal/InifinteRunner/Content/2dSprites/jumpAttack/Jump_Attack__007_Sprite.uasset" 438
"../../../../Projectos unreal/InifinteRunner/Content/2dSprites/jumpAttack/Jump_Attack__008.uasset" 439
"../../../../Projectos unreal/InifinteRunner/Content/2dSprites/jumpAttack/Jump_Attack__008_Sprite.uasset" 440
"../../../../Projectos unreal/InifinteRunner/Content/2dSprites/jumpAttack/Jump_Attack__009.uasset" 441
"../../../../Projectos unreal/InifinteRunner/Content/2dSprites/jumpAttack/Jump_Attack__009_Sprite.uasset" 442
"../../../../Projectos unreal/InifinteRunner/Content/2dSprites/jumpAttack/Jump_Attack.uasset" 443
"../../../../Projectos unreal/InifinteRunner/Content/2dSprites/running/Run__000.uasset" 444
"../../../../Projectos unreal/InifinteRunner/Content/2dSprites/running/Run__000_Sprite.uasset" 445
"../../../../Projectos unreal/InifinteRunner/Content/2dSprites/running/Run__001.uasset" 446
"../../../../Projectos unreal/InifinteRunner/Content/2dSprites/running/Run__001_Sprite.uasset" 447
"../../../../Projectos unreal/InifinteRunner/Content/2dSprites/running/Run__002.uasset" 448
"../../../../Projectos unreal/InifinteRunner/Content/2dSprites/running/Run__002_Sprite.uasset" 449
"../../../../Projectos unreal/InifinteRunner/Content/2dSprites/running/Run__003.uasset" 450
"../../../../Projectos unreal/InifinteRunner/Content/2dSprites/running/Run__003_Sprite.uasset" 451
"../../../../Projectos unreal/InifinteRunner/Content/2dSprites/running/Run__004.uasset" 452
"../../../../Projectos unreal/InifinteRunner/Content/2dSprites/running/Run__004_Sprite.uasset" 453
"../../../../Projectos unreal/InifinteRunner/Content/2dSprites/running/Run__005.uasset" 454
"../../../../Projectos unreal/InifinteRunner/Content/2dSprites/running/Run__005_Sprite.uasset" 455
"../../../../Projectos unreal/InifinteRunner/Content/2dSprites/running/Run__006.uasset" 456
"../../../../Projectos unreal/InifinteRunner/Content/2dSprites/running/Run__006_Sprite.uasset" 457
"../../../../Projectos unreal/InifinteRunner/Content/2dSprites/running/Run__007.uasset" 458
"../../../../Projectos unreal/InifinteRunner/Content/2dSprites/running/Run__007_Sprite.uasset" 459
"../../../../Projectos unreal/InifinteRunner/Content/2dSprites/running/Run__008.uasset" 460
"../../../../Projectos unreal/InifinteRunner/Content/2dSprites/running/Run__008_Sprite.uasset" 461
"../../../../Projectos unreal/InifinteRunner/Content/2dSprites/running/Run__009.uasset" 462
"../../../../Projectos unreal/InifinteRunner/Content/2dSprites/running/Run__009_Sprite.uasset" 463
"../../../../Projectos unreal/InifinteRunner/Content/2dSprites/running/Run.uasset" 464
"../../../../Projectos unreal/InifinteRunner/Content/2dSprites/slide/Slide__000.uasset" 465
"../../../../Projectos unreal/InifinteRunner/Content/2dSprites/slide/Slide__000_Sprite.uasset" 466
"../../../../Projectos unreal/InifinteRunner/Content/2dSprites/slide/Slide__001.uasset" 467
"../../../../Projectos unreal/InifinteRunner/Content/2dSprites/slide/Slide__001_Sprite.uasset" 468
"../../../../Projectos unreal/InifinteRunner/Content/2dSprites/slide/Slide__002.uasset" 469
"../../../../Projectos unreal/InifinteRunner/Content/2dSprites/slide/Slide__002_Sprite.uasset" 470
"../../../../Projectos unreal/InifinteRunner/Content/2dSprites/slide/Slide__003.uasset" 471
"../../../../Projectos unreal/InifinteRunner/Content/2dSprites/slide/Slide__003_Sprite.uasset" 472
"../../../../Projectos unreal/InifinteRunner/Content/2dSprites/slide/Slide__004.uasset" 473
"../../../../Projectos unreal/InifinteRunner/Content/2dSprites/slide/Slide__004_Sprite.uasset" 474
"../../../../Projectos unreal/InifinteRunner/Content/2dSprites/slide/Slide__005.uasset" 475
"../../../../Projectos unreal/InifinteRunner/Content/2dSprites/slide/Slide__005_Sprite.uasset" 476
"../../../../Projectos unreal/InifinteRunner/Content/2dSprites/slide/Slide__006.uasset" 477
"../../../../Projectos unreal/InifinteRunner/Content/2dSprites/slide/Slide__006_Sprite.uasset" 478
"../../../../Projectos unreal/InifinteRunner/Content/2dSprites/slide/Slide__007.uasset" 479
"../../../../Projectos unreal/InifinteRunner/Content/2dSprites/slide/Slide__007_Sprite.uasset" 480
"../../../../Projectos unreal/InifinteRunner/Content/2dSprites/slide/Slide__008.uasset" 481
"../../../../Projectos unreal/InifinteRunner/Content/2dSprites/slide/Slide__008_Sprite.uasset" 482
"../../../../Projectos unreal/InifinteRunner/Content/2dSprites/slide/Slide__009.uasset" 483
"../../../../Projectos unreal/InifinteRunner/Content/2dSprites/slide/Slide__009_Sprite.uasset" 484
"../../../../Projectos unreal/InifinteRunner/Content/2dSprites/slide/Slide.uasset" 485
"../../../../Projectos unreal/InifinteRunner/Content/2dSprites/throw/Throw__000.uasset" 486
"../../../../Projectos unreal/InifinteRunner/Content/2dSprites/throw/Throw__000_Sprite.uasset" 487
"../../../../Projectos unreal/InifinteRunner/Content/2dSprites/throw/Throw__001.uasset" 488
"../../../../Projectos unreal/InifinteRunner/Content/2dSprites/throw/Throw__001_Sprite.uasset" 489
"../../../../Projectos unreal/InifinteRunner/Content/2dSprites/throw/Throw__002.uasset" 490
"../../../../Projectos unreal/InifinteRunner/Content/2dSprites/throw/Throw__002_Sprite.uasset" 491
"../../../../Projectos unreal/InifinteRunner/Content/2dSprites/throw/Throw__003.uasset" 492
"../../../../Projectos unreal/InifinteRunner/Content/2dSprites/throw/Throw__003_Sprite.uasset" 493
"../../../../Projectos unreal/InifinteRunner/Content/2dSprites/throw/Throw__004.uasset" 494
"../../../../Projectos unreal/InifinteRunner/Content/2dSprites/throw/Throw__004_Sprite.uasset" 495
"../../../../Projectos unreal/InifinteRunner/Content/2dSprites/throw/Throw__005.uasset" 496
"../../../../Projectos unreal/InifinteRunner/Content/2dSprites/throw/Throw__005_Sprite.uasset" 497
"../../../../Projectos unreal/InifinteRunner/Content/2dSprites/throw/Throw__006.uasset" 498
"../../../../Projectos unreal/InifinteRunner/Content/2dSprites/throw/Throw__006_Sprite.uasset" 499
"../../../../Projectos unreal/InifinteRunner/Content/2dSprites/throw/Throw__007.uasset" 500
"../../../../Projectos unreal/InifinteRunner/Content/2dSprites/throw/Throw__007_Sprite.uasset" 501
"../../../../Projectos unreal/InifinteRunner/Content/2dSprites/throw/Throw__008.uasset" 502
"../../../../Projectos unreal/InifinteRunner/Content/2dSprites/throw/Throw__008_Sprite.uasset" 503
"../../../../Projectos unreal/InifinteRunner/Content/2dSprites/throw/Throw__009.uasset" 504
"../../../../Projectos unreal/InifinteRunner/Content/2dSprites/throw/Throw__009_Sprite.uasset" 505
"../../../../Projectos unreal/InifinteRunner/Content/2dSprites/throw/Throw.uasset" 506
"../../../../Projectos unreal/InifinteRunner/Content/Blueprints/Ninjaharacter3_Blueprint.uasset" 507
"../../../../Projectos unreal/InifinteRunner/Content/Maps/Crate.uasset" 508
"../../../../Projectos unreal/InifinteRunner/Content/Maps/Crate_Sprite.uasset" 509
"../../../../Projectos unreal/InifinteRunner/Content/Blueprints/BP_WalkingOnPlatform.uasset" 510
"../../../../Projectos unreal/InifinteRunner/Content/2dSprites/Metal_Spike_Wall.uasset" 511
"../../../../Projectos unreal/InifinteRunner/Content/2dSprites/Metal_Spike_Wall_Sprite.uasset" 512
"../../../../Projectos unreal/InifinteRunner/Content/Blueprints/DamageSpikes.uasset" 513
"../../../../Projectos unreal/InifinteRunner/Content/Blueprints/HUDs/Game.uasset" 514
"../../../../Projectos unreal/InifinteRunner/Content/Blueprints/HUDs/gameHUD.uasset" 515
"../../../../Projectos unreal/InifinteRunner/Content/Blueprints/MyInifinteRunnerGameModeBase.uasset" 516
"../../../../Projectos unreal/InifinteRunner/Content/sounds/1433.uasset" 517
"../../../../Projectos unreal/InifinteRunner/Content/sounds/1433_Cue.uasset" 518
"../../../../Projectos unreal/InifinteRunner/Content/sounds/sword1.uasset" 519
"../../../../Projectos unreal/InifinteRunner/Content/sounds/sword1_Cue.uasset" 520
"../../../../Projectos unreal/InifinteRunner/Content/sounds/throwknife.uasset" 521
"../../../../Projectos unreal/InifinteRunner/Content/sounds/throwknife_Cue.uasset" 522
"../../../../Projectos unreal/InifinteRunner/Content/StarterContent/Audio/Starter_Background_Cue.uasset" 523
"../../../../Projectos unreal/InifinteRunner/Content/Maps/Minimal_Default.umap" 524
"../../../Engine/Content/Maps/Entry_BuiltData.uasset" 525
"../../../Engine/Content/Maps/Entry.umap" 526
